<?xml version="1.0" encoding="UTF-8"?>
<!-- Generated by org.testng.reporters.JUnitReportReporter -->
<testsuite hostname="exa-2023-12-10" failures="0" tests="1" name="TestScenarios.TC_04_UserRegTest" time="13.798" errors="0" timestamp="2025-07-22T21:53:34 IST" skipped="0">
  <testcase classname="TestScenarios.TC_04_UserRegTest" name="checkUserReg" time="13.798"/>
</testsuite> <!-- TestScenarios.TC_04_UserRegTest -->
