<?xml version="1.0" encoding="UTF-8"?>
<!-- Generated by org.testng.reporters.JUnitReportReporter -->
<testsuite hostname="exa-2023-12-10" failures="0" tests="1" name="TestScenarios.TC_01_AdminLoginTestwithValidData" time="5.468" errors="0" timestamp="2025-07-10T20:31:08 IST" skipped="0">
  <testcase classname="TestScenarios.TC_01_AdminLoginTestwithValidData" name="SearchOperation" time="5.468"/>
</testsuite> <!-- TestScenarios.TC_01_AdminLoginTestwithValidData -->
