<?xml version="1.0" encoding="UTF-8"?>
<!-- Generated by org.testng.reporters.JUnitReportReporter -->
<testsuite hostname="exa-2023-12-10" failures="0" tests="1" name="TestScenarios.TC_03_PIMTest" time="9.415" errors="0" timestamp="2025-07-22T21:53:34 IST" skipped="0">
  <testcase classname="TestScenarios.TC_03_PIMTest" name="verifyEmployeeSearchByName" time="9.415"/>
</testsuite> <!-- TestScenarios.TC_03_PIMTest -->
