<?xml version="1.0" encoding="UTF-8"?>
<!-- Generated by org.testng.reporters.JUnitReportReporter -->
<testsuite hostname="exa-2023-12-10" failures="0" tests="1" name="TestScenarios.TC_04_UserRegTest" time="11.669" errors="0" timestamp="2025-07-10T20:31:08 IST" skipped="0">
  <testcase classname="TestScenarios.TC_04_UserRegTest" name="checkUserReg" time="11.669"/>
</testsuite> <!-- TestScenarios.TC_04_UserRegTest -->
