<?xml version="1.0" encoding="UTF-8"?>
<!-- Generated by org.testng.reporters.JUnitReportReporter -->
<testsuite hostname="exa-2023-12-10" failures="0" tests="2" name="TestScenarios.AdminLoginTestwithValidData" time="7.299" errors="0" timestamp="2025-07-08T16:45:00 IST" skipped="0">
  <testcase classname="TestScenarios.AdminLoginTestwithValidData" name="SearchOperation" time="5.837"/>
  <testcase classname="TestScenarios.AdminLoginTestwithValidData" name="check" time="1.462"/>
</testsuite> <!-- TestScenarios.AdminLoginTestwithValidData -->
