<?xml version="1.0" encoding="UTF-8"?>
<!-- Generated by org.testng.reporters.JUnitReportReporter -->
<testsuite hostname="exa-2023-12-10" failures="0" tests="2" name="TC_03_PIMTest_DataProvider" time="34.699" errors="0" timestamp="2025-07-10T21:36:58 IST" skipped="0">
  <testcase classname="TC_03_PIMTest_DataProvider" name="verifyEmployeeSearchByName" time="13.051"/>
  <testcase classname="TC_03_PIMTest_DataProvider" name="verifyEmployeeSearchByName" time="21.648"/>
</testsuite> <!-- TC_03_PIMTest_DataProvider -->
