<?xml version="1.0" encoding="UTF-8"?>
<!-- Generated by org.testng.reporters.JUnitReportReporter -->
<testsuite hostname="exa-2023-12-10" failures="0" tests="1" name="TestScenarios.PIMTest" time="14.682" errors="0" timestamp="2025-07-09T13:20:19 IST" skipped="0">
  <testcase classname="TestScenarios.PIMTest" name="verifyEmployeeSearchByName" time="14.682"/>
</testsuite> <!-- TestScenarios.PIMTest -->
