<?xml version="1.0" encoding="UTF-8"?>
<!-- Generated by org.testng.reporters.JUnitReportReporter -->
<testsuite hostname="exa-2023-12-10" failures="0" tests="1" name="TestScenarios.Tests" time="15.713" errors="0" timestamp="2025-07-10T19:12:46 IST" skipped="0">
  <testcase classname="TestScenarios.Tests" name="checkUserReg" time="15.713"/>
</testsuite> <!-- TestScenarios.Tests -->
