<?xml version="1.0" encoding="UTF-8"?>
<!-- Generated by org.testng.reporters.JUnitReportReporter -->
<testsuite hostname="exa-2023-12-10" failures="0" tests="1" name="TestScenarios.AdminLoginTestwithInvalidData" time="1.480" errors="0" timestamp="2025-07-08T16:42:03 IST" skipped="0">
  <testcase classname="TestScenarios.AdminLoginTestwithInvalidData" name="checkAdminlogin" time="1.480"/>
</testsuite> <!-- TestScenarios.AdminLoginTestwithInvalidData -->
