<?xml version="1.0" encoding="UTF-8"?>
<!-- Generated by org.testng.reporters.JUnitReportReporter -->
<testsuite hostname="exa-2023-12-10" failures="0" tests="1" name="TestScenarios.TestMethod_Googlesearch" time="0.007" errors="0" timestamp="2025-07-08T15:20:30 IST" skipped="0">
  <testcase classname="TestScenarios.TestMethod_Googlesearch" name="SearchOperation" time="0.007"/>
</testsuite> <!-- TestScenarios.TestMethod_Googlesearch -->
